#
# There is insufficient memory for the Java Runtime Environment to continue.
# Native memory allocation (mmap) failed to map 67108864 bytes for G1 virtual space
# Possible reasons:
#   The system is out of physical RAM or swap space
#   The process is running with CompressedOops enabled, and the Java Heap may be blocking the growth of the native heap
# Possible solutions:
#   Reduce memory load on the system
#   Increase physical memory or swap space
#   Check if swap backing store is full
#   Decrease Java heap size (-Xmx/-Xms)
#   Decrease number of Java threads
#   Decrease Java thread stack sizes (-Xss)
#   Set larger code cache with -XX:ReservedCodeCacheSize=
#   JVM is running with Unscaled Compressed Oops mode in which the Java heap is
#     placed in the first 4GB address space. The Java Heap base address is the
#     maximum limit for the native heap growth. Please use -XX:HeapBaseMinAddress
#     to set the Java Heap base and to place the Java Heap above 4GB virtual address.
# This output file may be truncated or incomplete.
#
#  Out of Memory Error (os_windows.cpp:3536), pid=7952, tid=17652
#
# JRE version:  (19.0.2+7) (build )
# Java VM: Java HotSpot(TM) 64-Bit Server VM (19.0.2+7-44, mixed mode, sharing, tiered, compressed oops, compressed class ptrs, g1 gc, windows-amd64)
# No core dump will be written. Minidumps are not enabled by default on client versions of Windows
#

---------------  S U M M A R Y ------------

Command Line: -Dfile.encoding=UTF-8 --module-path=C:\Users\user\Documents\NetBeansProjects\kalkulatortazus\build\classes kalkulator

Host: Intel(R) Celeron(R) CPU  N3060  @ 1.60GHz, 2 cores, 3G,  Windows 10 , 64 bit Build 19041 (10.0.19041.1348)
Time: Sun Mar  5 23:17:09 2023 SE Asia Standard Time elapsed time: 0.250191 seconds (0d 0h 0m 0s)

---------------  T H R E A D  ---------------

Current thread (0x00000279625e6100):  JavaThread "Unknown thread" [_thread_in_vm, id=17652, stack(0x000000c3f0000000,0x000000c3f0100000)]

Stack: [0x000000c3f0000000,0x000000c3f0100000]
Native frames: (J=compiled Java code, j=interpreted, Vv=VM code, C=native code)
V  [jvm.dll+0x6ee21a]
V  [jvm.dll+0x85765e]
V  [jvm.dll+0x85904e]
V  [jvm.dll+0x859703]
V  [jvm.dll+0x28298f]
V  [jvm.dll+0x6eb009]
V  [jvm.dll+0x6dfbaa]
V  [jvm.dll+0x3573f6]
V  [jvm.dll+0x35ee56]
V  [jvm.dll+0x3b541e]
V  [jvm.dll+0x3b564f]
V  [jvm.dll+0x32c9ea]
V  [jvm.dll+0x32d89e]
V  [jvm.dll+0x821780]
V  [jvm.dll+0x3c2661]
V  [jvm.dll+0x801f51]
V  [jvm.dll+0x44ae8f]
V  [jvm.dll+0x44c811]
C  [jli.dll+0x5287]
C  [ucrtbase.dll+0x21bb2]
C  [KERNEL32.DLL+0x17034]
C  [ntdll.dll+0x52651]


---------------  P R O C E S S  ---------------

Threads class SMR info:
_java_thread_list=0x00007ffa5d50d048, length=0, elements={
}

Java Threads: ( => current thread )

Other Threads:
  0x0000027962627580 WorkerThread "GC Thread#0" [stack: 0x000000c3f0100000,0x000000c3f0200000] [id=19648]
  0x0000027962631140 ConcurrentGCThread "G1 Main Marker" [stack: 0x000000c3f0200000,0x000000c3f0300000] [id=14040]
  0x0000027962632a90 WorkerThread "G1 Conc#0" [stack: 0x0000000000000000,0x0000000000000000] [id=19276]

[error occurred during error reporting (printing all threads), id 0xc0000005, EXCEPTION_ACCESS_VIOLATION (0xc0000005) at pc=0x00007ffa5cccd427]

VM state: not at safepoint (not fully initialized)

VM Mutex/Monitor currently owned by a thread:  ([mutex/lock_event])
[0x00000279625e2420] Heap_lock - owner thread: 0x00000279625e6100

Heap address: 0x00000000c1600000, size: 1002 MB, Compressed Oops mode: 32-bit

CDS archive(s) mapped at: [0x0000000000000000-0x0000000000000000-0x0000000000000000), size 0, SharedBaseAddress: 0x0000000800000000, ArchiveRelocationMode: 0.
Narrow klass base: 0x0000000000000000, Narrow klass shift: 0, Narrow klass range: 0x0

GC Precious Log:
 CardTable entry size: 512
 Card Set container configuration: InlinePtr #cards 5 size 8 Array Of Cards #cards 12 size 40 Howl #buckets 4 coarsen threshold 1843 Howl Bitmap #cards 512 size 80 coarsen threshold 460 Card regions per heap region 1 cards per card region 2048

Heap:
 garbage-first heap   total 0K, used 0K [0x00000000c1600000, 0x0000000100000000)
  region size 1024K, 0 young (0K), 0 survivors (0K)

[error occurred during error reporting (printing heap information), id 0xc0000005, EXCEPTION_ACCESS_VIOLATION (0xc0000005) at pc=0x00007ffa5d0d6649]

GC Heap History (0 events):
No events

Dll operation events (1 events):
Event: 0.220 Loaded shared library C:\Program Files\Java\jdk-19\bin\java.dll

Deoptimization events (0 events):
No events

Classes loaded (0 events):
No events

Classes unloaded (0 events):
No events

Classes redefined (0 events):
No events

Internal exceptions (0 events):
No events

VM Operations (0 events):
No events

Events (0 events):
No events


Dynamic libraries:
0x00007ff7e3470000 - 0x00007ff7e3480000 	C:\Program Files\Java\jdk-19\bin\java.exe
0x00007ffad6310000 - 0x00007ffad6505000 	C:\WINDOWS\SYSTEM32\ntdll.dll
0x00007ffad4350000 - 0x00007ffad440e000 	C:\WINDOWS\System32\KERNEL32.DLL
0x00007ffad3f70000 - 0x00007ffad4238000 	C:\WINDOWS\System32\KERNELBASE.dll
0x00007ffad3dc0000 - 0x00007ffad3ec0000 	C:\WINDOWS\System32\ucrtbase.dll
0x00007fface400000 - 0x00007fface41b000 	C:\Program Files\Java\jdk-19\bin\VCRUNTIME140.dll
0x00007ffacdf80000 - 0x00007ffacdf98000 	C:\Program Files\Java\jdk-19\bin\jli.dll
0x00007ffad5300000 - 0x00007ffad53ac000 	C:\WINDOWS\System32\ADVAPI32.dll
0x00007ffad4410000 - 0x00007ffad44ae000 	C:\WINDOWS\System32\msvcrt.dll
0x00007ffad6050000 - 0x00007ffad60eb000 	C:\WINDOWS\System32\sechost.dll
0x00007ffad4880000 - 0x00007ffad49aa000 	C:\WINDOWS\System32\RPCRT4.dll
0x00007ffad6120000 - 0x00007ffad62c1000 	C:\WINDOWS\System32\USER32.dll
0x00007ffad3cb0000 - 0x00007ffad3cd2000 	C:\WINDOWS\System32\win32u.dll
0x00007ffad60f0000 - 0x00007ffad611b000 	C:\WINDOWS\System32\GDI32.dll
0x00007ffad4240000 - 0x00007ffad434d000 	C:\WINDOWS\System32\gdi32full.dll
0x00007ffac1830000 - 0x00007ffac1aca000 	C:\WINDOWS\WinSxS\amd64_microsoft.windows.common-controls_6595b64144ccf1df_6.0.19041.1110_none_60b5254171f9507e\COMCTL32.dll
0x00007ffad3c10000 - 0x00007ffad3cad000 	C:\WINDOWS\System32\msvcp_win.dll
0x00007ffac5a80000 - 0x00007ffac5a8a000 	C:\WINDOWS\SYSTEM32\VERSION.dll
0x00007ffad4ea0000 - 0x00007ffad4ed0000 	C:\WINDOWS\System32\IMM32.DLL
0x00007fface3f0000 - 0x00007fface3fc000 	C:\Program Files\Java\jdk-19\bin\vcruntime140_1.dll
0x00007ffac4980000 - 0x00007ffac4a0e000 	C:\Program Files\Java\jdk-19\bin\msvcp140.dll
0x00007ffa5c990000 - 0x00007ffa5d650000 	C:\Program Files\Java\jdk-19\bin\server\jvm.dll
0x00007ffac3660000 - 0x00007ffac3669000 	C:\WINDOWS\SYSTEM32\WSOCK32.dll
0x00007ffad4e30000 - 0x00007ffad4e9b000 	C:\WINDOWS\System32\WS2_32.dll
0x00007ffac1d00000 - 0x00007ffac1d27000 	C:\WINDOWS\SYSTEM32\WINMM.dll
0x00007ffad22a0000 - 0x00007ffad22b2000 	C:\WINDOWS\SYSTEM32\kernel.appcore.dll
0x00007fface170000 - 0x00007fface17a000 	C:\Program Files\Java\jdk-19\bin\jimage.dll
0x00007ffad1f70000 - 0x00007ffad2154000 	C:\WINDOWS\SYSTEM32\DBGHELP.DLL
0x00007ffacad80000 - 0x00007ffacadac000 	C:\WINDOWS\SYSTEM32\dbgcore.DLL
0x00007ffad3b80000 - 0x00007ffad3c02000 	C:\WINDOWS\System32\bcryptPrimitives.dll
0x00007ffac4c10000 - 0x00007ffac4c36000 	C:\Program Files\Java\jdk-19\bin\java.dll

dbghelp: loaded successfully - version: 4.0.5 - missing functions: none
symbol engine: initialized successfully - sym options: 0x614 - pdb path: .;C:\Program Files\Java\jdk-19\bin;C:\WINDOWS\SYSTEM32;C:\WINDOWS\WinSxS\amd64_microsoft.windows.common-controls_6595b64144ccf1df_6.0.19041.1110_none_60b5254171f9507e;C:\Program Files\Java\jdk-19\bin\server

VM Arguments:
jvm_args: -Dfile.encoding=UTF-8 --module-path=C:\Users\user\Documents\NetBeansProjects\kalkulatortazus\build\classes 
java_command: kalkulator
java_class_path (initial): C:\Users\user\Documents\NetBeansProjects\kalkulatortazus\build\classes
Launcher Type: SUN_STANDARD

[Global flags]
     intx CICompilerCount                          = 2                                         {product} {ergonomic}
     uint ConcGCThreads                            = 1                                         {product} {ergonomic}
     uint G1ConcRefinementThreads                  = 2                                         {product} {ergonomic}
   size_t G1HeapRegionSize                         = 1048576                                   {product} {ergonomic}
    uintx GCDrainStackTargetSize                   = 64                                        {product} {ergonomic}
   size_t InitialHeapSize                          = 67108864                                  {product} {ergonomic}
   size_t MarkStackSize                            = 4194304                                   {product} {ergonomic}
   size_t MaxHeapSize                              = 1050673152                                {product} {ergonomic}
   size_t MinHeapDeltaBytes                        = 1048576                                   {product} {ergonomic}
   size_t MinHeapSize                              = 8388608                                   {product} {ergonomic}
    uintx NonNMethodCodeHeapSize                   = 5826188                                {pd product} {ergonomic}
    uintx NonProfiledCodeHeapSize                  = 122916026                              {pd product} {ergonomic}
    uintx ProfiledCodeHeapSize                     = 122916026                              {pd product} {ergonomic}
    uintx ReservedCodeCacheSize                    = 251658240                              {pd product} {ergonomic}
     bool SegmentedCodeCache                       = true                                      {product} {ergonomic}
   size_t SoftMaxHeapSize                          = 1050673152                             {manageable} {ergonomic}
     bool UseCompressedClassPointers               = true                           {product lp64_product} {ergonomic}
     bool UseCompressedOops                        = true                           {product lp64_product} {ergonomic}
     bool UseG1GC                                  = true                                      {product} {ergonomic}
     bool UseLargePagesIndividualAllocation        = false                                  {pd product} {ergonomic}

Logging:
Log output configuration:
 #0: stdout all=warning uptime,level,tags foldmultilines=false
 #1: stderr all=off uptime,level,tags foldmultilines=false

Environment Variables:
JAVA_HOME=C:\Program Files\Java\jdk1.8.0_321
PATH=C:\Program Files\Common Files\Oracle\Java\javapath;C:\Program Files (x86)\Common Files\Oracle\Java\javapath;C:\\Program Files\java\jdk-13.2\bin;;C:\WINDOWS\system32;C:\WINDOWS;C:\WINDOWS\System32\Wbem;C:\WINDOWS\System32\WindowsPowerShell\v1.0\;C:\WINDOWS\System32\OpenSSH\;C:\Program Files\Java\jdk1.8.0_321\bin;C:\Users\user\AppData\Local\Programs\Microsoft VS Code\bin;C:\Users\user\AppData\Local\Microsoft\WindowsApps;
USERNAME=user
OS=Windows_NT
PROCESSOR_IDENTIFIER=Intel64 Family 6 Model 76 Stepping 4, GenuineIntel
TMP=C:\Users\user\AppData\Local\Temp
TEMP=C:\Users\user\AppData\Local\Temp



---------------  S Y S T E M  ---------------

OS:
 Windows 10 , 64 bit Build 19041 (10.0.19041.1348)
OS uptime: 13 days 11:06 hours

CPU: total 2 (initial active 2) (2 cores per cpu, 1 threads per core) family 6 model 76 stepping 4 microcode 0x411, cx8, cmov, fxsr, mmx, 3dnowpref, sse, sse2, sse3, ssse3, sse4.1, sse4.2, popcnt, tsc, tscinvbit, aes, erms, clmul, clflush, rdtscp

Memory: 4k page, system-wide physical 4001M (340M free)
TotalPageFile size 7447M (AvailPageFile size 24M)
current process WorkingSet (physical memory assigned to process): 10M, peak: 10M
current process commit charge ("private bytes"): 47M, peak: 111M

vm_info: Java HotSpot(TM) 64-Bit Server VM (19.0.2+7-44) for windows-amd64 JRE (19.0.2+7-44), built on 2022-11-30T18:02:09Z by "mach5one" with MS VC++ 17.1 (VS2022)

END.
