#
# There is insufficient memory for the Java Runtime Environment to continue.
# Native memory allocation (malloc) failed to allocate 1147376 bytes for Chunk::new
# Possible reasons:
#   The system is out of physical RAM or swap space
#   The process is running with CompressedOops enabled, and the Java Heap may be blocking the growth of the native heap
# Possible solutions:
#   Reduce memory load on the system
#   Increase physical memory or swap space
#   Check if swap backing store is full
#   Decrease Java heap size (-Xmx/-Xms)
#   Decrease number of Java threads
#   Decrease Java thread stack sizes (-Xss)
#   Set larger code cache with -XX:ReservedCodeCacheSize=
#   JVM is running with Unscaled Compressed Oops mode in which the Java heap is
#     placed in the first 4GB address space. The Java Heap base address is the
#     maximum limit for the native heap growth. Please use -XX:HeapBaseMinAddress
#     to set the Java Heap base and to place the Java Heap above 4GB virtual address.
# This output file may be truncated or incomplete.
#
#  Out of Memory Error (arena.cpp:184), pid=16492, tid=8256
#
# JRE version: Java(TM) SE Runtime Environment (19.0.2+7) (build 19.0.2+7-44)
# Java VM: Java HotSpot(TM) 64-Bit Server VM (19.0.2+7-44, mixed mode, sharing, tiered, compressed oops, compressed class ptrs, g1 gc, windows-amd64)
# No core dump will be written. Minidumps are not enabled by default on client versions of Windows
#

---------------  S U M M A R Y ------------

Command Line: -Dfile.encoding=UTF-8 --module-path=C:\Users\user\Documents\NetBeansProjects\kalkulatortazus\build\classes kalkulator

Host: Intel(R) Celeron(R) CPU  N3060  @ 1.60GHz, 2 cores, 3G,  Windows 10 , 64 bit Build 19041 (10.0.19041.1348)
Time: Sun Mar  5 23:16:45 2023 SE Asia Standard Time elapsed time: 42.618047 seconds (0d 0h 0m 42s)

---------------  T H R E A D  ---------------

Current thread (0x0000020f329bfe90):  JavaThread "C2 CompilerThread0" daemon [_thread_in_native, id=8256, stack(0x000000f862700000,0x000000f862800000)]


Current CompileTask:
C2:  42618 1276 %     4       sun.java2d.marlin.Renderer::_endRendering @ 784 (2480 bytes)

Stack: [0x000000f862700000,0x000000f862800000]
Native frames: (J=compiled Java code, j=interpreted, Vv=VM code, C=native code)
V  [jvm.dll+0x6ee21a]
V  [jvm.dll+0x85765e]
V  [jvm.dll+0x85904e]
V  [jvm.dll+0x859703]
V  [jvm.dll+0x28298f]
V  [jvm.dll+0xc9adf]
V  [jvm.dll+0xc9e65]
V  [jvm.dll+0x3bca12]
V  [jvm.dll+0x1ee29a]
V  [jvm.dll+0x24c52b]
V  [jvm.dll+0x24b781]
V  [jvm.dll+0x1d6ce1]
V  [jvm.dll+0x25b25a]
V  [jvm.dll+0x2596e8]
V  [jvm.dll+0x807588]
V  [jvm.dll+0x80125a]
V  [jvm.dll+0x6ecf0b]
C  [ucrtbase.dll+0x21bb2]
C  [KERNEL32.DLL+0x17034]
C  [ntdll.dll+0x52651]


---------------  P R O C E S S  ---------------

Threads class SMR info:
_java_thread_list=0x0000020f36d13fc0, length=17, elements={
0x0000020f176787d0, 0x0000020f17679760, 0x0000020f1767c460, 0x0000020f329bdfd0,
0x0000020f329be900, 0x0000020f329bf230, 0x0000020f329bfe90, 0x0000020f329d3a00,
0x0000020f32a2ac80, 0x0000020f176516f0, 0x0000020f36dca560, 0x0000020f36df8800,
0x0000020f36df9280, 0x0000020f36eeaff0, 0x0000020f36eeb530, 0x0000020f175a6100,
0x0000020f378a2060
}

Java Threads: ( => current thread )
  0x0000020f176787d0 JavaThread "Reference Handler" daemon [_thread_blocked, id=7132, stack(0x000000f862100000,0x000000f862200000)]
  0x0000020f17679760 JavaThread "Finalizer" daemon [_thread_blocked, id=1964, stack(0x000000f862200000,0x000000f862300000)]
  0x0000020f1767c460 JavaThread "Signal Dispatcher" daemon [_thread_blocked, id=5132, stack(0x000000f862300000,0x000000f862400000)]
  0x0000020f329bdfd0 JavaThread "Attach Listener" daemon [_thread_blocked, id=11708, stack(0x000000f862400000,0x000000f862500000)]
  0x0000020f329be900 JavaThread "Service Thread" daemon [_thread_blocked, id=16816, stack(0x000000f862500000,0x000000f862600000)]
  0x0000020f329bf230 JavaThread "Monitor Deflation Thread" daemon [_thread_blocked, id=5928, stack(0x000000f862600000,0x000000f862700000)]
=>0x0000020f329bfe90 JavaThread "C2 CompilerThread0" daemon [_thread_in_native, id=8256, stack(0x000000f862700000,0x000000f862800000)]
  0x0000020f329d3a00 JavaThread "C1 CompilerThread0" daemon [_thread_blocked, id=7424, stack(0x000000f862800000,0x000000f862900000)]
  0x0000020f32a2ac80 JavaThread "Sweeper thread" daemon [_thread_blocked, id=10752, stack(0x000000f862900000,0x000000f862a00000)]
  0x0000020f176516f0 JavaThread "Common-Cleaner" daemon [_thread_blocked, id=14928, stack(0x000000f862a00000,0x000000f862b00000)]
  0x0000020f36dca560 JavaThread "Notification Thread" daemon [_thread_blocked, id=9408, stack(0x000000f862b00000,0x000000f862c00000)]
  0x0000020f36df8800 JavaThread "Java2D Disposer" daemon [_thread_blocked, id=3568, stack(0x000000f862d00000,0x000000f862e00000)]
  0x0000020f36df9280 JavaThread "AWT-Windows" daemon [_thread_in_native, id=13072, stack(0x000000f862f00000,0x000000f863000000)]
  0x0000020f36eeaff0 JavaThread "AWT-Shutdown" [_thread_blocked, id=18016, stack(0x000000f862e00000,0x000000f862f00000)]
  0x0000020f36eeb530 JavaThread "AWT-EventQueue-0" [_thread_blocked, id=2464, stack(0x000000f863000000,0x000000f863100000)]
  0x0000020f175a6100 JavaThread "DestroyJavaVM" [_thread_blocked, id=5192, stack(0x000000f861a00000,0x000000f861b00000)]
  0x0000020f378a2060 JavaThread "TimerQueue" daemon [_thread_blocked, id=18772, stack(0x000000f863500000,0x000000f863600000)]

Other Threads:
  0x0000020f1765ee90 VMThread "VM Thread" [stack: 0x000000f862000000,0x000000f862100000] [id=11036]
  0x0000020f36dcaaa0 WatcherThread "VM Periodic Task Thread" [stack: 0x000000f862c00000,0x000000f862d00000] [id=18808]
  0x0000020f175e7580 WorkerThread "GC Thread#0" [stack: 0x000000f861b00000,0x000000f861c00000] [id=20312]
  0x0000020f36f6e060 WorkerThread "GC Thread#1" [stack: 0x000000f863100000,0x000000f863200000] [id=18508]
  0x0000020f175f1140 ConcurrentGCThread "G1 Main Marker" [stack: 0x000000f861c00000,0x000000f861d00000] [id=19316]
  0x0000020f175f2c30 WorkerThread "G1 Conc#0" [stack: 0x000000f861d00000,0x000000f861e00000] [id=19100]
  0x0000020f1763c450 ConcurrentGCThread "G1 Refine#0" [stack: 0x000000f861e00000,0x000000f861f00000] [id=2068]
  0x0000020f1763d040 ConcurrentGCThread "G1 Service" [stack: 0x000000f861f00000,0x000000f862000000] [id=16004]

Threads with active compile tasks:
C2 CompilerThread0    42893 1276 %     4       sun.java2d.marlin.Renderer::_endRendering @ 784 (2480 bytes)

VM state: not at safepoint (normal execution)

VM Mutex/Monitor currently owned by a thread: None

Heap address: 0x00000000c1600000, size: 1002 MB, Compressed Oops mode: 32-bit

CDS archive(s) mapped at: [0x0000000800000000-0x0000000800c40000-0x0000000800c40000), size 12845056, SharedBaseAddress: 0x0000000800000000, ArchiveRelocationMode: 0.
Compressed class space mapped at: 0x0000000801000000-0x0000000841000000, reserved size: 1073741824
Narrow klass base: 0x0000000800000000, Narrow klass shift: 0, Narrow klass range: 0x100000000

GC Precious Log:
 CardTable entry size: 512
 Card Set container configuration: InlinePtr #cards 5 size 8 Array Of Cards #cards 12 size 40 Howl #buckets 4 coarsen threshold 1843 Howl Bitmap #cards 512 size 80 coarsen threshold 460 Card regions per heap region 1 cards per card region 2048
 CPUs: 2 total, 2 available
 Memory: 4001M
 Large Page Support: Disabled
 NUMA Support: Disabled
 Compressed Oops: Enabled (32-bit)
 Heap Region Size: 1M
 Heap Min Capacity: 8M
 Heap Initial Capacity: 64M
 Heap Max Capacity: 1002M
 Pre-touch: Disabled
 Parallel Workers: 2
 Concurrent Workers: 1
 Concurrent Refinement Workers: 2
 Periodic GC: Disabled

Heap:
 garbage-first heap   total 65536K, used 3884K [0x00000000c1600000, 0x0000000100000000)
  region size 1024K, 2 young (2048K), 1 survivors (1024K)
 Metaspace       used 10009K, committed 10112K, reserved 1114112K
  class space    used 1107K, committed 1152K, reserved 1048576K

Heap Regions: E=young(eden), S=young(survivor), O=old, HS=humongous(starts), HC=humongous(continues), CS=collection set, F=free, OA=open archive, CA=closed archive, TAMS=top-at-mark-start (previous, next)
|   0|0x00000000c1600000, 0x00000000c1700000, 0x00000000c1700000|100%| O|  |TAMS 0x00000000c1600000, 0x00000000c1600000| Untracked 
|   1|0x00000000c1700000, 0x00000000c1800000, 0x00000000c1800000|100%|HS|  |TAMS 0x00000000c1700000, 0x00000000c1700000| Complete 
|   2|0x00000000c1800000, 0x00000000c1900000, 0x00000000c1900000|100%| O|  |TAMS 0x00000000c1800000, 0x00000000c1800000| Untracked 
|   3|0x00000000c1900000, 0x00000000c1917400, 0x00000000c1a00000|  9%| O|  |TAMS 0x00000000c1900000, 0x00000000c1900000| Untracked 
|   4|0x00000000c1a00000, 0x00000000c1a00000, 0x00000000c1b00000|  0%| F|  |TAMS 0x00000000c1a00000, 0x00000000c1a00000| Untracked 
|   5|0x00000000c1b00000, 0x00000000c1b00000, 0x00000000c1c00000|  0%| F|  |TAMS 0x00000000c1b00000, 0x00000000c1b00000| Untracked 
|   6|0x00000000c1c00000, 0x00000000c1c00000, 0x00000000c1d00000|  0%| F|  |TAMS 0x00000000c1c00000, 0x00000000c1c00000| Untracked 
|   7|0x00000000c1d00000, 0x00000000c1d00000, 0x00000000c1e00000|  0%| F|  |TAMS 0x00000000c1d00000, 0x00000000c1d00000| Untracked 
|   8|0x00000000c1e00000, 0x00000000c1e00000, 0x00000000c1f00000|  0%| F|  |TAMS 0x00000000c1e00000, 0x00000000c1e00000| Untracked 
|   9|0x00000000c1f00000, 0x00000000c1f00000, 0x00000000c2000000|  0%| F|  |TAMS 0x00000000c1f00000, 0x00000000c1f00000| Untracked 
|  10|0x00000000c2000000, 0x00000000c2000000, 0x00000000c2100000|  0%| F|  |TAMS 0x00000000c2000000, 0x00000000c2000000| Untracked 
|  11|0x00000000c2100000, 0x00000000c2100000, 0x00000000c2200000|  0%| F|  |TAMS 0x00000000c2100000, 0x00000000c2100000| Untracked 
|  12|0x00000000c2200000, 0x00000000c2200000, 0x00000000c2300000|  0%| F|  |TAMS 0x00000000c2200000, 0x00000000c2200000| Untracked 
|  13|0x00000000c2300000, 0x00000000c2300000, 0x00000000c2400000|  0%| F|  |TAMS 0x00000000c2300000, 0x00000000c2300000| Untracked 
|  14|0x00000000c2400000, 0x00000000c2400000, 0x00000000c2500000|  0%| F|  |TAMS 0x00000000c2400000, 0x00000000c2400000| Untracked 
|  15|0x00000000c2500000, 0x00000000c2500000, 0x00000000c2600000|  0%| F|  |TAMS 0x00000000c2500000, 0x00000000c2500000| Untracked 
|  16|0x00000000c2600000, 0x00000000c2600000, 0x00000000c2700000|  0%| F|  |TAMS 0x00000000c2600000, 0x00000000c2600000| Untracked 
|  17|0x00000000c2700000, 0x00000000c2700000, 0x00000000c2800000|  0%| F|  |TAMS 0x00000000c2700000, 0x00000000c2700000| Untracked 
|  18|0x00000000c2800000, 0x00000000c2800000, 0x00000000c2900000|  0%| F|  |TAMS 0x00000000c2800000, 0x00000000c2800000| Untracked 
|  19|0x00000000c2900000, 0x00000000c2900000, 0x00000000c2a00000|  0%| F|  |TAMS 0x00000000c2900000, 0x00000000c2900000| Untracked 
|  20|0x00000000c2a00000, 0x00000000c2a00000, 0x00000000c2b00000|  0%| F|  |TAMS 0x00000000c2a00000, 0x00000000c2a00000| Untracked 
|  21|0x00000000c2b00000, 0x00000000c2b00000, 0x00000000c2c00000|  0%| F|  |TAMS 0x00000000c2b00000, 0x00000000c2b00000| Untracked 
|  22|0x00000000c2c00000, 0x00000000c2c00000, 0x00000000c2d00000|  0%| F|  |TAMS 0x00000000c2c00000, 0x00000000c2c00000| Untracked 
|  23|0x00000000c2d00000, 0x00000000c2d00000, 0x00000000c2e00000|  0%| F|  |TAMS 0x00000000c2d00000, 0x00000000c2d00000| Untracked 
|  24|0x00000000c2e00000, 0x00000000c2e00000, 0x00000000c2f00000|  0%| F|  |TAMS 0x00000000c2e00000, 0x00000000c2e00000| Untracked 
|  25|0x00000000c2f00000, 0x00000000c2f00000, 0x00000000c3000000|  0%| F|  |TAMS 0x00000000c2f00000, 0x00000000c2f00000| Untracked 
|  26|0x00000000c3000000, 0x00000000c3000000, 0x00000000c3100000|  0%| F|  |TAMS 0x00000000c3000000, 0x00000000c3000000| Untracked 
|  27|0x00000000c3100000, 0x00000000c3100000, 0x00000000c3200000|  0%| F|  |TAMS 0x00000000c3100000, 0x00000000c3100000| Untracked 
|  28|0x00000000c3200000, 0x00000000c3200000, 0x00000000c3300000|  0%| F|  |TAMS 0x00000000c3200000, 0x00000000c3200000| Untracked 
|  29|0x00000000c3300000, 0x00000000c3300000, 0x00000000c3400000|  0%| F|  |TAMS 0x00000000c3300000, 0x00000000c3300000| Untracked 
|  30|0x00000000c3400000, 0x00000000c3400000, 0x00000000c3500000|  0%| F|  |TAMS 0x00000000c3400000, 0x00000000c3400000| Untracked 
|  31|0x00000000c3500000, 0x00000000c3500000, 0x00000000c3600000|  0%| F|  |TAMS 0x00000000c3500000, 0x00000000c3500000| Untracked 
|  32|0x00000000c3600000, 0x00000000c3600000, 0x00000000c3700000|  0%| F|  |TAMS 0x00000000c3600000, 0x00000000c3600000| Untracked 
|  33|0x00000000c3700000, 0x00000000c3700000, 0x00000000c3800000|  0%| F|  |TAMS 0x00000000c3700000, 0x00000000c3700000| Untracked 
|  34|0x00000000c3800000, 0x00000000c3800000, 0x00000000c3900000|  0%| F|  |TAMS 0x00000000c3800000, 0x00000000c3800000| Untracked 
|  35|0x00000000c3900000, 0x00000000c3900000, 0x00000000c3a00000|  0%| F|  |TAMS 0x00000000c3900000, 0x00000000c3900000| Untracked 
|  36|0x00000000c3a00000, 0x00000000c3a00000, 0x00000000c3b00000|  0%| F|  |TAMS 0x00000000c3a00000, 0x00000000c3a00000| Untracked 
|  37|0x00000000c3b00000, 0x00000000c3b00000, 0x00000000c3c00000|  0%| F|  |TAMS 0x00000000c3b00000, 0x00000000c3b00000| Untracked 
|  38|0x00000000c3c00000, 0x00000000c3c00000, 0x00000000c3d00000|  0%| F|  |TAMS 0x00000000c3c00000, 0x00000000c3c00000| Untracked 
|  39|0x00000000c3d00000, 0x00000000c3d00000, 0x00000000c3e00000|  0%| F|  |TAMS 0x00000000c3d00000, 0x00000000c3d00000| Untracked 
|  40|0x00000000c3e00000, 0x00000000c3e00000, 0x00000000c3f00000|  0%| F|  |TAMS 0x00000000c3e00000, 0x00000000c3e00000| Untracked 
|  41|0x00000000c3f00000, 0x00000000c3f00000, 0x00000000c4000000|  0%| F|  |TAMS 0x00000000c3f00000, 0x00000000c3f00000| Untracked 
|  42|0x00000000c4000000, 0x00000000c4000000, 0x00000000c4100000|  0%| F|  |TAMS 0x00000000c4000000, 0x00000000c4000000| Untracked 
|  43|0x00000000c4100000, 0x00000000c4100000, 0x00000000c4200000|  0%| F|  |TAMS 0x00000000c4100000, 0x00000000c4100000| Untracked 
|  44|0x00000000c4200000, 0x00000000c4200000, 0x00000000c4300000|  0%| F|  |TAMS 0x00000000c4200000, 0x00000000c4200000| Untracked 
|  45|0x00000000c4300000, 0x00000000c4300000, 0x00000000c4400000|  0%| F|  |TAMS 0x00000000c4300000, 0x00000000c4300000| Untracked 
|  46|0x00000000c4400000, 0x00000000c4400000, 0x00000000c4500000|  0%| F|  |TAMS 0x00000000c4400000, 0x00000000c4400000| Untracked 
|  47|0x00000000c4500000, 0x00000000c4500000, 0x00000000c4600000|  0%| F|  |TAMS 0x00000000c4500000, 0x00000000c4500000| Untracked 
|  48|0x00000000c4600000, 0x00000000c4600000, 0x00000000c4700000|  0%| F|  |TAMS 0x00000000c4600000, 0x00000000c4600000| Untracked 
|  49|0x00000000c4700000, 0x00000000c4700000, 0x00000000c4800000|  0%| F|  |TAMS 0x00000000c4700000, 0x00000000c4700000| Untracked 
|  50|0x00000000c4800000, 0x00000000c4800000, 0x00000000c4900000|  0%| F|  |TAMS 0x00000000c4800000, 0x00000000c4800000| Untracked 
|  51|0x00000000c4900000, 0x00000000c4900000, 0x00000000c4a00000|  0%| F|  |TAMS 0x00000000c4900000, 0x00000000c4900000| Untracked 
|  52|0x00000000c4a00000, 0x00000000c4a00000, 0x00000000c4b00000|  0%| F|  |TAMS 0x00000000c4a00000, 0x00000000c4a00000| Untracked 
|  53|0x00000000c4b00000, 0x00000000c4b00000, 0x00000000c4c00000|  0%| F|  |TAMS 0x00000000c4b00000, 0x00000000c4b00000| Untracked 
|  54|0x00000000c4c00000, 0x00000000c4c00000, 0x00000000c4d00000|  0%| F|  |TAMS 0x00000000c4c00000, 0x00000000c4c00000| Untracked 
|  55|0x00000000c4d00000, 0x00000000c4d00000, 0x00000000c4e00000|  0%| F|  |TAMS 0x00000000c4d00000, 0x00000000c4d00000| Untracked 
|  56|0x00000000c4e00000, 0x00000000c4e00000, 0x00000000c4f00000|  0%| F|  |TAMS 0x00000000c4e00000, 0x00000000c4e00000| Untracked 
|  57|0x00000000c4f00000, 0x00000000c4f00000, 0x00000000c5000000|  0%| F|  |TAMS 0x00000000c4f00000, 0x00000000c4f00000| Untracked 
|  58|0x00000000c5000000, 0x00000000c50b3da0, 0x00000000c5100000| 70%| S|CS|TAMS 0x00000000c5000000, 0x00000000c5000000| Complete 
|  59|0x00000000c5100000, 0x00000000c5100000, 0x00000000c5200000|  0%| F|  |TAMS 0x00000000c5100000, 0x00000000c5100000| Untracked 
|  60|0x00000000c5200000, 0x00000000c5200000, 0x00000000c5300000|  0%| F|  |TAMS 0x00000000c5200000, 0x00000000c5200000| Untracked 
|  61|0x00000000c5300000, 0x00000000c5300000, 0x00000000c5400000|  0%| F|  |TAMS 0x00000000c5300000, 0x00000000c5300000| Untracked 
|  62|0x00000000c5400000, 0x00000000c5400000, 0x00000000c5500000|  0%| F|  |TAMS 0x00000000c5400000, 0x00000000c5400000| Untracked 
|  63|0x00000000c5500000, 0x00000000c55c4df0, 0x00000000c5600000| 76%| E|  |TAMS 0x00000000c5500000, 0x00000000c5500000| Complete 

Card table byte_map: [0x0000020f17380000,0x0000020f17580000] _byte_map_base: 0x0000020f16d75000

Marking Bits (Prev, Next): (CMBitMap*) 0x0000020f175e8ad0, (CMBitMap*) 0x0000020f175e8b10
 Prev Bits: [0x0000020f2e720000, 0x0000020f2f6c8000)
 Next Bits: [0x0000020f2f6d0000, 0x0000020f30678000)

Polling page: 0x0000020f15570000

Metaspace:

Usage:
  Non-class:      8.69 MB used.
      Class:      1.08 MB used.
       Both:      9.77 MB used.

Virtual space:
  Non-class space:       64.00 MB reserved,       8.75 MB ( 14%) committed,  1 nodes.
      Class space:        1.00 GB reserved,       1.12 MB ( <1%) committed,  1 nodes.
             Both:        1.06 GB reserved,       9.88 MB ( <1%) committed. 

Chunk freelists:
   Non-Class:  3.00 MB
       Class:  2.75 MB
        Both:  5.75 MB

MaxMetaspaceSize: unlimited
CompressedClassSpaceSize: 1.00 GB
Initial GC threshold: 21.00 MB
Current GC threshold: 21.00 MB
CDS: on
MetaspaceReclaimPolicy: balanced
 - commit_granule_bytes: 65536.
 - commit_granule_words: 8192.
 - virtual_space_node_default_size: 8388608.
 - enlarge_chunks_in_place: 1.
 - new_chunks_are_fully_committed: 0.
 - uncommit_free_chunks: 1.
 - use_allocation_guard: 0.


Internal statistics:

num_allocs_failed_limit: 0.
num_arena_births: 156.
num_arena_deaths: 0.
num_vsnodes_births: 2.
num_vsnodes_deaths: 0.
num_space_committed: 158.
num_space_uncommitted: 0.
num_chunks_returned_to_freelist: 0.
num_chunks_taken_from_freelist: 185.
num_chunk_merges: 0.
num_chunk_splits: 121.
num_chunks_enlarged: 77.
num_inconsistent_stats: 0.

CodeHeap 'non-profiled nmethods': size=120064Kb used=386Kb max_used=386Kb free=119678Kb
 bounds [0x0000020f26fe0000, 0x0000020f27250000, 0x0000020f2e520000]
CodeHeap 'profiled nmethods': size=120000Kb used=2146Kb max_used=2146Kb free=117853Kb
 bounds [0x0000020f1f520000, 0x0000020f1f790000, 0x0000020f26a50000]
CodeHeap 'non-nmethods': size=5696Kb used=1393Kb max_used=1412Kb free=4303Kb
 bounds [0x0000020f26a50000, 0x0000020f26cc0000, 0x0000020f26fe0000]
 total_blobs=1926 nmethods=1274 adapters=564
 compilation: enabled
              stopped_count=0, restarted_count=0
 full_count=0

Compilation events (20 events):
Event: 38.915 Thread 0x0000020f329d3a00 nmethod 1266 0x0000020f1f734090 code [0x0000020f1f734260, 0x0000020f1f7345c8]
Event: 39.550 Thread 0x0000020f329d3a00 1267       3       javax.swing.UIManager::getDefaults (10 bytes)
Event: 39.551 Thread 0x0000020f329d3a00 nmethod 1267 0x0000020f1f734690 code [0x0000020f1f734840, 0x0000020f1f734978]
Event: 39.551 Thread 0x0000020f329d3a00 1268       3       sun.java2d.pipe.Region::getIntersection (37 bytes)
Event: 39.552 Thread 0x0000020f329d3a00 nmethod 1268 0x0000020f1f734a90 code [0x0000020f1f734ce0, 0x0000020f1f735958]
Event: 39.552 Thread 0x0000020f329d3a00 1269       3       java.awt.geom.Point2D$Float::<init> (15 bytes)
Event: 39.552 Thread 0x0000020f329d3a00 nmethod 1269 0x0000020f1f735c10 code [0x0000020f1f735dc0, 0x0000020f1f735f98]
Event: 40.151 Thread 0x0000020f329d3a00 1270       3       sun.java2d.pipe.Region::clipScale (41 bytes)
Event: 40.151 Thread 0x0000020f329d3a00 nmethod 1270 0x0000020f1f736090 code [0x0000020f1f736280, 0x0000020f1f736548]
Event: 40.164 Thread 0x0000020f329d3a00 1271       3       java.lang.Thread::isVirtual (5 bytes)
Event: 40.165 Thread 0x0000020f329d3a00 nmethod 1271 0x0000020f1f736610 code [0x0000020f1f7367c0, 0x0000020f1f7369d8]
Event: 41.421 Thread 0x0000020f329d3a00 1272       1       sun.java2d.SurfaceData::getDisposerReferent (5 bytes)
Event: 41.421 Thread 0x0000020f329d3a00 nmethod 1272 0x0000020f27040090 code [0x0000020f27040220, 0x0000020f270402d8]
Event: 41.422 Thread 0x0000020f329bfe90 1273 %     4       java.util.Arrays::fill @ 10 (28 bytes)
Event: 41.432 Thread 0x0000020f329bfe90 nmethod 1273% 0x0000020f27040390 code [0x0000020f27040520, 0x0000020f270406f8]
Event: 42.078 Thread 0x0000020f329d3a00 1274       3       java.util.concurrent.locks.AbstractQueuedSynchronizer$ConditionObject::canReacquire (38 bytes)
Event: 42.078 Thread 0x0000020f329d3a00 nmethod 1274 0x0000020f1f736a90 code [0x0000020f1f736c60, 0x0000020f1f736ff8]
Event: 42.081 Thread 0x0000020f329d3a00 1275       3       sun.java2d.pipe.PixelToParallelogramConverter::fillRectangle (236 bytes)
Event: 42.081 Thread 0x0000020f329bfe90 1276 %     4       sun.java2d.marlin.Renderer::_endRendering @ 784 (2480 bytes)
Event: 42.083 Thread 0x0000020f329d3a00 nmethod 1275 0x0000020f1f737190 code [0x0000020f1f737400, 0x0000020f1f738288]

GC Heap History (4 events):
Event: 4.866 GC heap before
{Heap before GC invocations=0 (full 0):
 garbage-first heap   total 65536K, used 6144K [0x00000000c1600000, 0x0000000100000000)
  region size 1024K, 6 young (6144K), 0 survivors (0K)
 Metaspace       used 8012K, committed 8256K, reserved 1114112K
  class space    used 932K, committed 1024K, reserved 1048576K
}
Event: 4.969 GC heap after
{Heap after GC invocations=1 (full 0):
 garbage-first heap   total 65536K, used 2018K [0x00000000c1600000, 0x0000000100000000)
  region size 1024K, 1 young (1024K), 1 survivors (1024K)
 Metaspace       used 8012K, committed 8256K, reserved 1114112K
  class space    used 932K, committed 1024K, reserved 1048576K
}
Event: 35.131 GC heap before
{Heap before GC invocations=1 (full 0):
 garbage-first heap   total 65536K, used 8162K [0x00000000c1600000, 0x0000000100000000)
  region size 1024K, 6 young (6144K), 1 survivors (1024K)
 Metaspace       used 9991K, committed 10112K, reserved 1114112K
  class space    used 1107K, committed 1152K, reserved 1048576K
}
Event: 35.142 GC heap after
{Heap after GC invocations=2 (full 0):
 garbage-first heap   total 65536K, used 3884K [0x00000000c1600000, 0x0000000100000000)
  region size 1024K, 1 young (1024K), 1 survivors (1024K)
 Metaspace       used 9991K, committed 10112K, reserved 1114112K
  class space    used 1107K, committed 1152K, reserved 1048576K
}

Dll operation events (8 events):
Event: 0.054 Loaded shared library C:\Program Files\Java\jdk-19\bin\java.dll
Event: 0.116 Loaded shared library C:\Program Files\Java\jdk-19\bin\jsvml.dll
Event: 0.650 Loaded shared library C:\Program Files\Java\jdk-19\bin\net.dll
Event: 0.657 Loaded shared library C:\Program Files\Java\jdk-19\bin\nio.dll
Event: 0.962 Loaded shared library C:\Program Files\Java\jdk-19\bin\jimage.dll
Event: 1.235 Loaded shared library C:\Program Files\Java\jdk-19\bin\awt.dll
Event: 2.739 Loaded shared library C:\Program Files\Java\jdk-19\bin\freetype.dll
Event: 2.741 Loaded shared library C:\Program Files\Java\jdk-19\bin\fontmanager.dll

Deoptimization events (20 events):
Event: 2.110 Thread 0x0000020f175a6100 Uncommon trap: trap_request=0xffffff45 fr.pc=0x0000020f26fede90 relative=0x00000000000009f0
Event: 2.110 Thread 0x0000020f175a6100 Uncommon trap: reason=unstable_if action=reinterpret pc=0x0000020f26fede90 method=java.util.HashMap.putVal(ILjava/lang/Object;Ljava/lang/Object;ZZ)Ljava/lang/Object; @ 236 c2
Event: 2.110 Thread 0x0000020f175a6100 DEOPT PACKING pc=0x0000020f26fede90 sp=0x000000f861afe510
Event: 2.110 Thread 0x0000020f175a6100 DEOPT UNPACKING pc=0x0000020f26ab6d9d sp=0x000000f861afe4c8 mode 2
Event: 4.573 Thread 0x0000020f36eeb530 Uncommon trap: trap_request=0xffffff45 fr.pc=0x0000020f2700c84c relative=0x000000000000022c
Event: 4.573 Thread 0x0000020f36eeb530 Uncommon trap: reason=unstable_if action=reinterpret pc=0x0000020f2700c84c method=java.util.HashMap.getNode(Ljava/lang/Object;)Ljava/util/HashMap$Node; @ 85 c2
Event: 4.573 Thread 0x0000020f36eeb530 DEOPT PACKING pc=0x0000020f2700c84c sp=0x000000f8630fe0e0
Event: 4.573 Thread 0x0000020f36eeb530 DEOPT UNPACKING pc=0x0000020f26ab6d9d sp=0x000000f8630fe050 mode 2
Event: 4.983 Thread 0x0000020f36eeb530 DEOPT PACKING pc=0x0000020f1f52f8e7 sp=0x000000f8630fc8c0
Event: 4.983 Thread 0x0000020f36eeb530 DEOPT UNPACKING pc=0x0000020f26ab7524 sp=0x000000f8630fbce0 mode 0
Event: 6.181 Thread 0x0000020f36eeb530 Uncommon trap: trap_request=0xffffff45 fr.pc=0x0000020f27021418 relative=0x0000000000000338
Event: 6.181 Thread 0x0000020f36eeb530 Uncommon trap: reason=unstable_if action=reinterpret pc=0x0000020f27021418 method=java.awt.MultipleGradientPaintContext.indexIntoGradientsArrays(F)I @ 13 c2
Event: 6.181 Thread 0x0000020f36eeb530 DEOPT PACKING pc=0x0000020f27021418 sp=0x000000f8630fd470
Event: 6.181 Thread 0x0000020f36eeb530 DEOPT UNPACKING pc=0x0000020f26ab6d9d sp=0x000000f8630fd3f8 mode 2
Event: 10.015 Thread 0x0000020f36eeb530 DEOPT PACKING pc=0x0000020f1f681f0c sp=0x000000f8630fd290
Event: 10.015 Thread 0x0000020f36eeb530 DEOPT UNPACKING pc=0x0000020f26ab7524 sp=0x000000f8630fc718 mode 0
Event: 14.980 Thread 0x0000020f36eeb530 DEOPT PACKING pc=0x0000020f1f68c008 sp=0x000000f8630fd780
Event: 14.980 Thread 0x0000020f36eeb530 DEOPT UNPACKING pc=0x0000020f26ab7524 sp=0x000000f8630fcb10 mode 0
Event: 41.433 Thread 0x0000020f36eeb530 DEOPT PACKING pc=0x0000020f1f685b77 sp=0x000000f8630fd770
Event: 41.433 Thread 0x0000020f36eeb530 DEOPT UNPACKING pc=0x0000020f26ab7524 sp=0x000000f8630fcb90 mode 0

Classes loaded (20 events):
Event: 6.162 Loading class java/util/concurrent/DelayQueue
Event: 6.162 Loading class java/util/concurrent/BlockingQueue
Event: 6.162 Loading class java/util/concurrent/BlockingQueue done
Event: 6.163 Loading class java/util/concurrent/DelayQueue done
Event: 6.163 Loading class java/util/PriorityQueue
Event: 6.163 Loading class java/util/PriorityQueue done
Event: 6.166 Loading class javax/swing/TimerQueue$DelayedTimer
Event: 6.166 Loading class java/util/concurrent/Delayed
Event: 6.166 Loading class java/util/concurrent/Delayed done
Event: 6.166 Loading class javax/swing/TimerQueue$DelayedTimer done
Event: 6.167 Loading class java/awt/TextComponent
Event: 6.168 Loading class java/awt/TextComponent done
Event: 6.183 Loading class java/awt/geom/Path2D$Float$CopyIterator
Event: 6.184 Loading class java/awt/geom/Path2D$Iterator
Event: 6.184 Loading class java/awt/geom/Path2D$Iterator done
Event: 6.184 Loading class java/awt/geom/Path2D$Float$CopyIterator done
Event: 6.307 Loading class java/util/concurrent/TimeUnit$1
Event: 6.307 Loading class java/util/concurrent/TimeUnit$1 done
Event: 6.685 Loading class javax/swing/Timer$1
Event: 6.685 Loading class javax/swing/Timer$1 done

Classes unloaded (0 events):
No events

Classes redefined (0 events):
No events

Internal exceptions (20 events):
Event: 3.241 Thread 0x0000020f175a6100 Exception <a 'java/lang/ClassNotFoundException'{0x00000000c517a478}: ToolBar> (0x00000000c517a478) 
thrown [s\open\src\hotspot\share\classfile\systemDictionary.cpp, line 255]
Event: 3.241 Thread 0x0000020f175a6100 Exception <a 'java/lang/ClassNotFoundException'{0x00000000c517a7e8}: ToggleButton> (0x00000000c517a7e8) 
thrown [s\open\src\hotspot\share\classfile\systemDictionary.cpp, line 255]
Event: 3.241 Thread 0x0000020f175a6100 Exception <a 'java/lang/ClassNotFoundException'{0x00000000c517ac28}: javax/swing/JToolBarSeparator> (0x00000000c517ac28) 
thrown [s\open\src\hotspot\share\classfile\systemDictionary.cpp, line 255]
Event: 3.241 Thread 0x0000020f175a6100 Exception <a 'java/lang/ClassNotFoundException'{0x00000000c517af38}: ToolBarSeparator> (0x00000000c517af38) 
thrown [s\open\src\hotspot\share\classfile\systemDictionary.cpp, line 255]
Event: 3.248 Thread 0x0000020f175a6100 Exception <a 'java/lang/ClassNotFoundException'{0x00000000c517b450}: ToolTip> (0x00000000c517b450) 
thrown [s\open\src\hotspot\share\classfile\systemDictionary.cpp, line 255]
Event: 3.252 Thread 0x0000020f175a6100 Exception <a 'java/lang/ClassNotFoundException'{0x00000000c519abd8}: Tree> (0x00000000c519abd8) 
thrown [s\open\src\hotspot\share\classfile\systemDictionary.cpp, line 255]
Event: 3.252 Thread 0x0000020f175a6100 Exception <a 'java/lang/ClassNotFoundException'{0x00000000c519b0d0}: Tree> (0x00000000c519b0d0) 
thrown [s\open\src\hotspot\share\classfile\systemDictionary.cpp, line 255]
Event: 3.252 Thread 0x0000020f175a6100 Exception <a 'java/lang/ClassNotFoundException'{0x00000000c519b440}: javax/swing/JTreeCell> (0x00000000c519b440) 
thrown [s\open\src\hotspot\share\classfile\systemDictionary.cpp, line 255]
Event: 3.252 Thread 0x0000020f175a6100 Exception <a 'java/lang/ClassNotFoundException'{0x00000000c519b748}: TreeCell> (0x00000000c519b748) 
thrown [s\open\src\hotspot\share\classfile\systemDictionary.cpp, line 255]
Event: 3.255 Thread 0x0000020f175a6100 Exception <a 'java/lang/ClassNotFoundException'{0x00000000c519bf00}: RootPane> (0x00000000c519bf00) 
thrown [s\open\src\hotspot\share\classfile\systemDictionary.cpp, line 255]
Event: 3.265 Thread 0x0000020f175a6100 Exception <a 'java/lang/ClassNotFoundException'{0x00000000c519ed10}: com/sun/swing/internal/plaf/metal/resources/spi/metalProvider> (0x00000000c519ed10) 
thrown [s\open\src\hotspot\share\classfile\systemDictionary.cpp, line 255]
Event: 3.269 Thread 0x0000020f175a6100 Exception <a 'java/lang/ClassNotFoundException'{0x00000000c51a29e0}: com/sun/swing/internal/plaf/basic/resources/spi/basicProvider> (0x00000000c51a29e0) 
thrown [s\open\src\hotspot\share\classfile\systemDictionary.cpp, line 255]
Event: 3.469 Thread 0x0000020f36eeb530 Exception <a 'java/lang/ClassNotFoundException'{0x00000000c5014a88}: com/sun/swing/internal/plaf/synth/resources/spi/synthProvider> (0x00000000c5014a88) 
thrown [s\open\src\hotspot\share\classfile\systemDictionary.cpp, line 255]
Event: 3.696 Thread 0x0000020f36eeb530 Exception <a 'java/lang/NoSuchMethodError'{0x00000000c5058878}: 'int java.lang.invoke.Invokers$Holder.invokeExact_MT(java.lang.Object, java.lang.Object)'> (0x00000000c5058878) 
thrown [s\open\src\hotspot\share\interpreter\linkResolver.cpp, line 774]
Event: 3.938 Thread 0x0000020f36eeb530 Exception <a 'java/lang/NoSuchMethodError'{0x00000000c5066ab0}: 'java.lang.Object java.lang.invoke.DirectMethodHandle$Holder.newInvokeSpecial(java.lang.Object, java.lang.Object, int)'> (0x00000000c5066ab0) 
thrown [s\open\src\hotspot\share\interpreter\linkResolver.cpp, line 774]
Event: 3.946 Thread 0x0000020f36eeb530 Exception <a 'java/lang/NoSuchMethodError'{0x00000000c506bcf8}: 'int java.lang.invoke.DirectMethodHandle$Holder.invokeSpecial(java.lang.Object, java.lang.Object, java.lang.Object, int)'> (0x00000000c506bcf8) 
thrown [s\open\src\hotspot\share\interpreter\linkResolver.cpp, line 774]
Event: 4.001 Thread 0x0000020f36eeb530 Exception <a 'java/lang/NoSuchMethodError'{0x00000000c507e860}: 'java.lang.Object java.lang.invoke.DirectMethodHandle$Holder.invokeStatic(java.lang.Object, java.lang.Object, java.lang.Object, java.lang.Object, int)'> (0x00000000c507e860) 
thrown [s\open\src\hotspot\share\interpreter\linkResolver.cpp, line 774]
Event: 4.029 Thread 0x0000020f36eeb530 Exception <a 'java/lang/NoSuchMethodError'{0x00000000c508a868}: 'int java.lang.invoke.DirectMethodHandle$Holder.invokeSpecial(java.lang.Object, java.lang.Object, java.lang.Object)'> (0x00000000c508a868) 
thrown [s\open\src\hotspot\share\interpreter\linkResolver.cpp, line 774]
Event: 4.724 Thread 0x0000020f36df9280 Exception <a 'java/lang/NoSuchMethodError'{0x00000000c53c8998}: 'void java.lang.invoke.DirectMethodHandle$Holder.invokeVirtual(java.lang.Object, java.lang.Object)'> (0x00000000c53c8998) 
thrown [s\open\src\hotspot\share\interpreter\linkResolver.cpp, line 774]
Event: 4.840 Thread 0x0000020f36eeb530 Exception <a 'java/lang/NoSuchMethodError'{0x00000000c50ebe70}: 'void java.lang.invoke.DirectMethodHandle$Holder.invokeStaticInit(java.lang.Object)'> (0x00000000c50ebe70) 
thrown [s\open\src\hotspot\share\interpreter\linkResolver.cpp, line 774]

VM Operations (20 events):
Event: 21.208 Executing VM operation: Cleanup
Event: 21.209 Executing VM operation: Cleanup done
Event: 24.239 Executing VM operation: Cleanup
Event: 24.239 Executing VM operation: Cleanup done
Event: 25.248 Executing VM operation: Cleanup
Event: 25.248 Executing VM operation: Cleanup done
Event: 26.256 Executing VM operation: Cleanup
Event: 26.256 Executing VM operation: Cleanup done
Event: 28.267 Executing VM operation: Cleanup
Event: 28.267 Executing VM operation: Cleanup done
Event: 30.278 Executing VM operation: Cleanup
Event: 30.278 Executing VM operation: Cleanup done
Event: 31.296 Executing VM operation: Cleanup
Event: 31.297 Executing VM operation: Cleanup done
Event: 35.113 Executing VM operation: G1CollectForAllocation
Event: 36.564 Executing VM operation: G1CollectForAllocation done
Event: 38.585 Executing VM operation: Cleanup
Event: 38.585 Executing VM operation: Cleanup done
Event: 39.586 Executing VM operation: Cleanup
Event: 39.586 Executing VM operation: Cleanup done

Events (20 events):
Event: 0.182 Thread 0x0000020f176787d0 Thread added: 0x0000020f176787d0
Event: 0.182 Thread 0x0000020f17679760 Thread added: 0x0000020f17679760
Event: 0.184 Thread 0x0000020f1767c460 Thread added: 0x0000020f1767c460
Event: 0.184 Thread 0x0000020f329bdfd0 Thread added: 0x0000020f329bdfd0
Event: 0.185 Thread 0x0000020f329be900 Thread added: 0x0000020f329be900
Event: 0.185 Thread 0x0000020f329bf230 Thread added: 0x0000020f329bf230
Event: 0.185 Thread 0x0000020f329bfe90 Thread added: 0x0000020f329bfe90
Event: 0.224 Thread 0x0000020f329d3a00 Thread added: 0x0000020f329d3a00
Event: 0.248 Thread 0x0000020f32a2ac80 Thread added: 0x0000020f32a2ac80
Event: 0.547 Thread 0x0000020f176516f0 Thread added: 0x0000020f176516f0
Event: 0.821 Thread 0x0000020f36dca560 Thread added: 0x0000020f36dca560
Event: 1.881 Thread 0x0000020f36df8800 Thread added: 0x0000020f36df8800
Event: 1.884 Thread 0x0000020f36df8d40 Thread added: 0x0000020f36df8d40
Event: 1.956 Thread 0x0000020f36df9280 Thread added: 0x0000020f36df9280
Event: 3.124 Thread 0x0000020f36df8d40 Thread exited: 0x0000020f36df8d40
Event: 3.406 Thread 0x0000020f36eeaff0 Thread added: 0x0000020f36eeaff0
Event: 3.408 Thread 0x0000020f36eeb530 Thread added: 0x0000020f36eeb530
Event: 3.411 Thread 0x0000020f175a6100 Thread exited: 0x0000020f175a6100
Event: 3.411 Thread 0x0000020f175a6100 Thread added: 0x0000020f175a6100
Event: 6.165 Thread 0x0000020f378a2060 Thread added: 0x0000020f378a2060


Dynamic libraries:
0x00007ff7e3470000 - 0x00007ff7e3480000 	C:\Program Files\Java\jdk-19\bin\java.exe
0x00007ffad6310000 - 0x00007ffad6505000 	C:\WINDOWS\SYSTEM32\ntdll.dll
0x00007ffad4350000 - 0x00007ffad440e000 	C:\WINDOWS\System32\KERNEL32.DLL
0x00007ffad3f70000 - 0x00007ffad4238000 	C:\WINDOWS\System32\KERNELBASE.dll
0x00007ffad3dc0000 - 0x00007ffad3ec0000 	C:\WINDOWS\System32\ucrtbase.dll
0x00007ffacdf80000 - 0x00007ffacdf98000 	C:\Program Files\Java\jdk-19\bin\jli.dll
0x00007ffad5300000 - 0x00007ffad53ac000 	C:\WINDOWS\System32\ADVAPI32.dll
0x00007ffad4410000 - 0x00007ffad44ae000 	C:\WINDOWS\System32\msvcrt.dll
0x00007ffad6050000 - 0x00007ffad60eb000 	C:\WINDOWS\System32\sechost.dll
0x00007ffad4880000 - 0x00007ffad49aa000 	C:\WINDOWS\System32\RPCRT4.dll
0x00007ffad6120000 - 0x00007ffad62c1000 	C:\WINDOWS\System32\USER32.dll
0x00007ffad3cb0000 - 0x00007ffad3cd2000 	C:\WINDOWS\System32\win32u.dll
0x00007ffad60f0000 - 0x00007ffad611b000 	C:\WINDOWS\System32\GDI32.dll
0x00007ffad4240000 - 0x00007ffad434d000 	C:\WINDOWS\System32\gdi32full.dll
0x00007ffad3c10000 - 0x00007ffad3cad000 	C:\WINDOWS\System32\msvcp_win.dll
0x00007fface400000 - 0x00007fface41b000 	C:\Program Files\Java\jdk-19\bin\VCRUNTIME140.dll
0x00007ffac1830000 - 0x00007ffac1aca000 	C:\WINDOWS\WinSxS\amd64_microsoft.windows.common-controls_6595b64144ccf1df_6.0.19041.1110_none_60b5254171f9507e\COMCTL32.dll
0x00007ffac5a80000 - 0x00007ffac5a8a000 	C:\WINDOWS\SYSTEM32\VERSION.dll
0x00007ffad4ea0000 - 0x00007ffad4ed0000 	C:\WINDOWS\System32\IMM32.DLL
0x00007fface3f0000 - 0x00007fface3fc000 	C:\Program Files\Java\jdk-19\bin\vcruntime140_1.dll
0x00007ffac4980000 - 0x00007ffac4a0e000 	C:\Program Files\Java\jdk-19\bin\msvcp140.dll
0x00007ffa5c990000 - 0x00007ffa5d650000 	C:\Program Files\Java\jdk-19\bin\server\jvm.dll
0x00007ffac3660000 - 0x00007ffac3669000 	C:\WINDOWS\SYSTEM32\WSOCK32.dll
0x00007ffad4e30000 - 0x00007ffad4e9b000 	C:\WINDOWS\System32\WS2_32.dll
0x00007ffac1d00000 - 0x00007ffac1d27000 	C:\WINDOWS\SYSTEM32\WINMM.dll
0x00007ffad22a0000 - 0x00007ffad22b2000 	C:\WINDOWS\SYSTEM32\kernel.appcore.dll
0x00007fface170000 - 0x00007fface17a000 	C:\Program Files\Java\jdk-19\bin\jimage.dll
0x00007ffad1f70000 - 0x00007ffad2154000 	C:\WINDOWS\SYSTEM32\DBGHELP.DLL
0x00007ffacad80000 - 0x00007ffacadac000 	C:\WINDOWS\SYSTEM32\dbgcore.DLL
0x00007ffad3b80000 - 0x00007ffad3c02000 	C:\WINDOWS\System32\bcryptPrimitives.dll
0x00007ffac4c10000 - 0x00007ffac4c36000 	C:\Program Files\Java\jdk-19\bin\java.dll
0x00007ffaa58b0000 - 0x00007ffaa5987000 	C:\Program Files\Java\jdk-19\bin\jsvml.dll
0x00007ffad57e0000 - 0x00007ffad5f24000 	C:\WINDOWS\System32\SHELL32.dll
0x00007ffad1700000 - 0x00007ffad1e94000 	C:\WINDOWS\SYSTEM32\windows.storage.dll
0x00007ffad4fa0000 - 0x00007ffad52f5000 	C:\WINDOWS\System32\combase.dll
0x00007ffad33a0000 - 0x00007ffad33ce000 	C:\WINDOWS\SYSTEM32\Wldp.dll
0x00007ffad5580000 - 0x00007ffad562d000 	C:\WINDOWS\System32\SHCORE.dll
0x00007ffad5fe0000 - 0x00007ffad6035000 	C:\WINDOWS\System32\shlwapi.dll
0x00007ffad3960000 - 0x00007ffad397f000 	C:\WINDOWS\SYSTEM32\profapi.dll
0x00007ffacd4f0000 - 0x00007ffacd503000 	C:\Program Files\Java\jdk-19\bin\net.dll
0x00007ffac6e00000 - 0x00007ffac6f0c000 	C:\WINDOWS\SYSTEM32\WINHTTP.dll
0x00007ffad3100000 - 0x00007ffad316a000 	C:\WINDOWS\system32\mswsock.dll
0x00007ffac43c0000 - 0x00007ffac43d6000 	C:\Program Files\Java\jdk-19\bin\nio.dll
0x00007ffaa52b0000 - 0x00007ffaa5441000 	C:\Program Files\Java\jdk-19\bin\awt.dll
0x00007ffad4ed0000 - 0x00007ffad4f9d000 	C:\WINDOWS\System32\OLEAUT32.dll
0x00007ffad0640000 - 0x00007ffad06d0000 	C:\WINDOWS\SYSTEM32\apphelp.dll
0x00007ffad07c0000 - 0x00007ffad085e000 	C:\WINDOWS\system32\uxtheme.dll
0x00007ffad5650000 - 0x00007ffad5765000 	C:\WINDOWS\System32\MSCTF.dll
0x00007ffad4750000 - 0x00007ffad487a000 	C:\WINDOWS\System32\ole32.dll
0x00007ffad0a20000 - 0x00007ffad0a4f000 	C:\WINDOWS\system32\DWMAPI.DLL
0x00007ffaa56f0000 - 0x00007ffaa5776000 	C:\Program Files\Java\jdk-19\bin\freetype.dll
0x00007ffa967b0000 - 0x00007ffa96876000 	C:\Program Files\Java\jdk-19\bin\fontmanager.dll
0x00007ffaac820000 - 0x00007ffaac945000 	C:\WINDOWS\system32\opengl32.dll
0x00007ffabb5c0000 - 0x00007ffabb5ec000 	C:\WINDOWS\SYSTEM32\GLU32.dll
0x00007ffad5f30000 - 0x00007ffad5fd9000 	C:\WINDOWS\System32\clbcatq.dll
0x00007ffacc890000 - 0x00007ffacca44000 	C:\WINDOWS\SYSTEM32\WindowsCodecs.dll
0x00007ffad3d90000 - 0x00007ffad3db7000 	C:\WINDOWS\System32\bcrypt.dll
0x00007ffabb040000 - 0x00007ffabb07e000 	C:\WINDOWS\system32\dataexchange.dll
0x00007ffaceb20000 - 0x00007ffaced84000 	C:\WINDOWS\system32\d3d11.dll
0x00007ffacfa50000 - 0x00007ffacfc35000 	C:\WINDOWS\system32\dcomp.dll
0x00007ffad2310000 - 0x00007ffad2404000 	C:\WINDOWS\system32\dxgi.dll
0x00007ffaccee0000 - 0x00007ffacd0e1000 	C:\WINDOWS\system32\twinapi.appcore.dll
0x00007ffac6810000 - 0x00007ffac6909000 	C:\WINDOWS\SYSTEM32\textinputframework.dll
0x00007ffad00a0000 - 0x00007ffad03fe000 	C:\WINDOWS\System32\CoreUIComponents.dll
0x00007ffad0400000 - 0x00007ffad04f2000 	C:\WINDOWS\System32\CoreMessaging.dll
0x00007ffad2710000 - 0x00007ffad2743000 	C:\WINDOWS\SYSTEM32\ntmarta.dll
0x00007ffacf8f0000 - 0x00007ffacfa44000 	C:\WINDOWS\SYSTEM32\wintypes.dll

dbghelp: loaded successfully - version: 4.0.5 - missing functions: none
symbol engine: initialized successfully - sym options: 0x614 - pdb path: .;C:\Program Files\Java\jdk-19\bin;C:\WINDOWS\SYSTEM32;C:\WINDOWS\WinSxS\amd64_microsoft.windows.common-controls_6595b64144ccf1df_6.0.19041.1110_none_60b5254171f9507e;C:\Program Files\Java\jdk-19\bin\server

VM Arguments:
jvm_args: -Dfile.encoding=UTF-8 --module-path=C:\Users\user\Documents\NetBeansProjects\kalkulatortazus\build\classes 
java_command: kalkulator
java_class_path (initial): C:\Users\user\Documents\NetBeansProjects\kalkulatortazus\build\classes
Launcher Type: SUN_STANDARD

[Global flags]
     intx CICompilerCount                          = 2                                         {product} {ergonomic}
     uint ConcGCThreads                            = 1                                         {product} {ergonomic}
     uint G1ConcRefinementThreads                  = 2                                         {product} {ergonomic}
   size_t G1HeapRegionSize                         = 1048576                                   {product} {ergonomic}
    uintx GCDrainStackTargetSize                   = 64                                        {product} {ergonomic}
   size_t InitialHeapSize                          = 67108864                                  {product} {ergonomic}
   size_t MarkStackSize                            = 4194304                                   {product} {ergonomic}
   size_t MaxHeapSize                              = 1050673152                                {product} {ergonomic}
   size_t MaxNewSize                               = 630194176                                 {product} {ergonomic}
   size_t MinHeapDeltaBytes                        = 1048576                                   {product} {ergonomic}
   size_t MinHeapSize                              = 8388608                                   {product} {ergonomic}
    uintx NonNMethodCodeHeapSize                   = 5826188                                {pd product} {ergonomic}
    uintx NonProfiledCodeHeapSize                  = 122916026                              {pd product} {ergonomic}
    uintx ProfiledCodeHeapSize                     = 122916026                              {pd product} {ergonomic}
    uintx ReservedCodeCacheSize                    = 251658240                              {pd product} {ergonomic}
     bool SegmentedCodeCache                       = true                                      {product} {ergonomic}
   size_t SoftMaxHeapSize                          = 1050673152                             {manageable} {ergonomic}
     bool UseCompressedClassPointers               = true                           {product lp64_product} {ergonomic}
     bool UseCompressedOops                        = true                           {product lp64_product} {ergonomic}
     bool UseG1GC                                  = true                                      {product} {ergonomic}
     bool UseLargePagesIndividualAllocation        = false                                  {pd product} {ergonomic}

Logging:
Log output configuration:
 #0: stdout all=warning uptime,level,tags foldmultilines=false
 #1: stderr all=off uptime,level,tags foldmultilines=false

Environment Variables:
JAVA_HOME=C:\Program Files\Java\jdk1.8.0_321
PATH=C:\Program Files\Common Files\Oracle\Java\javapath;C:\Program Files (x86)\Common Files\Oracle\Java\javapath;C:\\Program Files\java\jdk-13.2\bin;;C:\WINDOWS\system32;C:\WINDOWS;C:\WINDOWS\System32\Wbem;C:\WINDOWS\System32\WindowsPowerShell\v1.0\;C:\WINDOWS\System32\OpenSSH\;C:\Program Files\Java\jdk1.8.0_321\bin;C:\Users\user\AppData\Local\Programs\Microsoft VS Code\bin;C:\Users\user\AppData\Local\Microsoft\WindowsApps;
USERNAME=user
OS=Windows_NT
PROCESSOR_IDENTIFIER=Intel64 Family 6 Model 76 Stepping 4, GenuineIntel
TMP=C:\Users\user\AppData\Local\Temp
TEMP=C:\Users\user\AppData\Local\Temp



---------------  S Y S T E M  ---------------

OS:
 Windows 10 , 64 bit Build 19041 (10.0.19041.1348)
OS uptime: 13 days 11:06 hours

CPU: total 2 (initial active 2) (2 cores per cpu, 1 threads per core) family 6 model 76 stepping 4 microcode 0x411, cx8, cmov, fxsr, mmx, 3dnowpref, sse, sse2, sse3, ssse3, sse4.1, sse4.2, popcnt, tsc, tscinvbit, aes, erms, clmul, clflush, rdtscp

Memory: 4k page, system-wide physical 4001M (286M free)
TotalPageFile size 7447M (AvailPageFile size 4M)
current process WorkingSet (physical memory assigned to process): 69M, peak: 70M
current process commit charge ("private bytes"): 154M, peak: 154M

vm_info: Java HotSpot(TM) 64-Bit Server VM (19.0.2+7-44) for windows-amd64 JRE (19.0.2+7-44), built on 2022-11-30T18:02:09Z by "mach5one" with MS VC++ 17.1 (VS2022)

END.
